This is pdfTeX, Version 3.141592653-2.6-1.40.25 (MiKTeX 24.1) (preloaded format=pdflatex 2024.11.13)  19 JAN 2025 15:33
entering extended mode
 restricted \write18 enabled.
 file:line:error style messages enabled.
 %&-line parsing enabled.
**c:/Users/julka/Documents/GitHub/Kosteczkator/Pracka/main.tex
(c:/Users/julka/Documents/GitHub/Kosteczkator/Pracka/main.tex
LaTeX2e <2023-11-01> patch level 1
L3 programming layer <2024-01-04>
(ppfcmthesis.cls
Document Class: ppfcmthesis 
(C:\Users\julka\AppData\Local\Programs\MiKTeX\tex/latex/memoir\memoir.cls
Document Class: memoir 2024/01/26 v3.8.2 configurable book, report, article document class
(C:\Users\julka\AppData\Local\Programs\MiKTeX\tex/latex/xpatch\xpatch.sty (C:\Users\julka\AppData\Local\Programs\MiKTeX\tex/latex/l3kernel\expl3.sty
Package: expl3 2024-01-04 L3 programming layer (loader) 
 (C:\Users\julka\AppData\Local\Programs\MiKTeX\tex/latex/l3backend\l3backend-pdftex.def
File: l3backend-pdftex.def 2024-01-04 L3 backend support: PDF output (pdfTeX)
\l__color_backend_stack_int=\count187
\l__pdf_internal_box=\box51
))
Package: xpatch 2020/03/25 v0.3a Extending etoolbox patching commands
 (C:\Users\julka\AppData\Local\Programs\MiKTeX\tex/latex/l3packages/xparse\xparse.sty
Package: xparse 2023-10-10 L3 Experimental document command parser
) (C:\Users\julka\AppData\Local\Programs\MiKTeX\tex/latex/etoolbox\etoolbox.sty
Package: etoolbox 2020/10/05 v2.5k e-TeX tools for LaTeX (JAW)
\etb@tempcnta=\count188
))
\onelineskip=\skip48
\lxvchars=\skip49
\xlvchars=\skip50
\@memcnta=\count189
\c@@memmarkcntra=\count190
 (C:\Users\julka\AppData\Local\Programs\MiKTeX\tex/generic/iftex\iftex.sty
Package: iftex 2022/02/03 v1.0f TeX engine tests
)
\trimtop=\skip51
\trimedge=\skip52
 (C:\Users\julka\AppData\Local\Programs\MiKTeX\tex/latex/memoir\mem10.clo
File: mem10.clo 2022/07/29 v0.5 memoir class 10pt size option
)
\binding=\skip53
\spinemargin=\skip54
\foremargin=\skip55
\uppermargin=\skip56
\lowermargin=\skip57
\headdrop=\skip58
\normalrulethickness=\skip59
\mem@maxheadheight=\skip60
\mem@maxfootheight=\skip61
\headwidth=\skip62
\c@storedpagenumber=\count191
\memPD=\dimen140
\m@mabparskip=\skip63
\thanksmarkwidth=\skip64
\thanksmarksep=\skip65
\droptitle=\skip66
\c@book=\count192
\c@part=\count193
\c@chapter=\count194
\c@section=\count195
\c@subsection=\count196
\c@subsubsection=\count197
\c@paragraph=\count198
\c@subparagraph=\count199
\beforechapskip=\skip67
\midchapskip=\skip68
\afterchapskip=\skip69
\chapindent=\skip70
\bottomsectionskip=\skip71
\secindent=\skip72
\beforesecskip=\skip73
\aftersecskip=\skip74
\subsecindent=\skip75
\beforesubsecskip=\skip76
\aftersubsecskip=\skip77
\subsubsecindent=\skip78
\beforesubsubsecskip=\skip79
\aftersubsubsecskip=\skip80
\paraindent=\skip81
\beforeparaskip=\skip82
\afterparaskip=\skip83
\subparaindent=\skip84
\beforesubparaskip=\skip85
\aftersubparaskip=\skip86
\pfbreakskip=\skip87
\c@@ppsavesec=\count266
\c@@ppsaveapp=\count267
\ragrparindent=\dimen141
\everylistparindent=\dimen142
\parsepi=\skip88
\topsepi=\skip89
\itemsepi=\skip90
\parsepii=\skip91
\topsepii=\skip92
\topsepiii=\skip93
\itemsepii=\skip94
\itemsepiii=\skip95
\partopsepii=\skip96
\partopsepiii=\skip97
\m@msavetopsep=\skip98
\m@msavepartopsep=\skip99
\@enLab=\toks17
\abstitleskip=\skip100
\absleftindent=\skip101
\abs@leftindent=\dimen143
\absrightindent=\skip102
\absparindent=\skip103
\absparsep=\skip104
\c@vslineno=\count268
\c@poemline=\count269
\c@modulo@vs=\count270
\c@memfvsline=\count271
\vleftskip=\skip105
\vrightskip=\skip106
\stanzaskip=\skip107
\versewidth=\skip108
\vgap=\skip109
\vindent=\skip110
\vleftmargin=\dimen144
\c@verse=\count272
\c@chrsinstr=\count273
\beforepoemtitleskip=\skip111
\afterpoemtitleskip=\skip112
\c@poem=\count274
\beforePoemTitleskip=\skip113
\midPoemTitleskip=\skip114
\afterPoemTitleskip=\skip115
 (C:\Users\julka\AppData\Local\Programs\MiKTeX\tex/latex/tools\array.sty
Package: array 2023/10/16 v2.5g Tabular extension package (FMi)
\col@sep=\dimen145
\ar@mcellbox=\box52
\extrarowheight=\dimen146
\NC@list=\toks18
\extratabsurround=\skip116
\backup@length=\skip117
\ar@cellbox=\box53
) (C:\Users\julka\AppData\Local\Programs\MiKTeX\tex/latex/tools\dcolumn.sty
Package: dcolumn 2023/07/08 v1.06 decimal alignment package (DPC)
) (C:\Users\julka\AppData\Local\Programs\MiKTeX\tex/latex/tools\delarray.sty
Package: delarray 2014/10/28 v1.01 array delimiter package (DPC)
) (C:\Users\julka\AppData\Local\Programs\MiKTeX\tex/latex/tools\tabularx.sty
Package: tabularx 2023/07/08 v2.11c `tabularx' package (DPC)
\TX@col@width=\dimen147
\TX@old@table=\dimen148
\TX@old@col=\dimen149
\TX@target=\dimen150
\TX@delta=\dimen151
\TX@cols=\count275
\TX@ftn=\toks19
) (C:\Users\julka\AppData\Local\Programs\MiKTeX\tex/latex/booktabs\booktabs.sty
Package: booktabs 2020/01/12 v1.61803398 Publication quality tables
\heavyrulewidth=\dimen152
\lightrulewidth=\dimen153
\cmidrulewidth=\dimen154
\belowrulesep=\dimen155
\belowbottomsep=\dimen156
\aboverulesep=\dimen157
\abovetopsep=\dimen158
\cmidrulesep=\dimen159
\cmidrulekern=\dimen160
\defaultaddspace=\dimen161
\@cmidla=\count276
\@cmidlb=\count277
\@aboverulesep=\dimen162
\@belowrulesep=\dimen163
\@thisruleclass=\count278
\@lastruleclass=\count279
\@thisrulewidth=\dimen164
)
\ctableftskip=\skip118
\ctabrightskip=\skip119
\abovecolumnspenalty=\count280
\@linestogo=\count281
\@cellstogo=\count282
\@cellsincolumn=\count283
\crtok=\toks20
\@mincolumnwidth=\dimen165
\c@newflo@tctr=\count284
\mem@margin@floatbox=\box54
\@contcwidth=\skip120
\@contindw=\skip121
\abovecaptionskip=\skip122
\belowcaptionskip=\skip123
\subfloattopskip=\skip124
\subfloatcapskip=\skip125
\subfloatcaptopadj=\skip126
\subfloatbottomskip=\skip127
\subfloatlabelskip=\skip128
\subfloatcapmargin=\dimen166
\c@@contsubnum=\count285
\m@mscap@capbox=\box55
\m@mscap@fbox=\box56
\sidecapsep=\dimen167
\sidecapwidth=\dimen168
\m@m@tempdima=\dimen169
\m@mscapraise=\dimen170
\sidecapraise=\dimen171
\m@mscapmainwidth=\dimen172
\m@mscaplkern=\dimen173
\beforeepigraphskip=\skip129
\afterepigraphskip=\skip130
\epigraphwidth=\skip131
\epigraphrule=\skip132
LaTeX Info: Redefining \em on input line 6932.
LaTeX Info: Redefining \emph on input line 6940.
 (C:\Users\julka\AppData\Local\Programs\MiKTeX\tex/latex/hyperref\nameref.sty
Package: nameref 2023-11-26 v2.56 Cross-referencing by name of section
 (C:\Users\julka\AppData\Local\Programs\MiKTeX\tex/latex/refcount\refcount.sty
Package: refcount 2019/12/15 v3.6 Data extraction from label references (HO)
 (C:\Users\julka\AppData\Local\Programs\MiKTeX\tex/generic/ltxcmds\ltxcmds.sty
Package: ltxcmds 2023-12-04 v1.26 LaTeX kernel commands for general use (HO)
) (C:\Users\julka\AppData\Local\Programs\MiKTeX\tex/generic/infwarerr\infwarerr.sty
Package: infwarerr 2019/12/03 v1.5 Providing info/warning/error messages (HO)
)) (C:\Users\julka\AppData\Local\Programs\MiKTeX\tex/generic/gettitlestring\gettitlestring.sty
Package: gettitlestring 2019/12/15 v1.6 Cleanup title references (HO)
 (C:\Users\julka\AppData\Local\Programs\MiKTeX\tex/latex/kvoptions\kvoptions.sty
Package: kvoptions 2022-06-15 v3.15 Key value format for package options (HO)
 (C:\Users\julka\AppData\Local\Programs\MiKTeX\tex/latex/graphics\keyval.sty
Package: keyval 2022/05/29 v1.15 key=value parser (DPC)
\KV@toks@=\toks21
) (C:\Users\julka\AppData\Local\Programs\MiKTeX\tex/latex/kvsetkeys\kvsetkeys.sty
Package: kvsetkeys 2022-10-05 v1.19 Key value parser (HO)
)))
\c@section@level=\count286
)
\tocentryskip=\skip133
\tocbaseline=\skip134
\cftparskip=\skip135
\cftbeforebookskip=\skip136
\cftbookindent=\dimen174
\cftbooknumwidth=\dimen175
\cftbeforepartskip=\skip137
\cftpartindent=\skip138
\cftpartnumwidth=\skip139
\cftbeforechapterskip=\skip140
\cftchapterindent=\skip141
\cftchapternumwidth=\skip142
\cftbeforesectionskip=\skip143
\cftsectionindent=\skip144
\cftsectionnumwidth=\skip145
\cftbeforesubsectionskip=\skip146
\cftsubsectionindent=\skip147
\cftsubsectionnumwidth=\skip148
\cftbeforesubsubsectionskip=\skip149
\cftsubsubsectionindent=\skip150
\cftsubsubsectionnumwidth=\skip151
\cftbeforeparagraphskip=\skip152
\cftparagraphindent=\skip153
\cftparagraphnumwidth=\skip154
\cftbeforesubparagraphskip=\skip155
\cftsubparagraphindent=\skip156
\cftsubparagraphnumwidth=\skip157
\prechapterprecisshift=\dimen176
\c@maxsecnumdepth=\count287
\bibindent=\dimen177
\bibitemsep=\skip158
\indexcolsep=\skip159
\indexrule=\skip160
\indexmarkstyle=\toks22
\@indexbox=\insert252
LaTeX Info: Redefining \raggedbottom on input line 7935.
LaTeX Info: Redefining \flushbottom on input line 7939.
\glossarycolsep=\dimen178
\glossaryrule=\dimen179
\sideparvshift=\skip161
\sideins=\insert251
\sidebartopsep=\skip162
\sidebarhsep=\skip163
\sidebarvsep=\skip164
\sidebarwidth=\skip165
\footmarkwidth=\skip166
\footmarksep=\skip167
\footparindent=\skip168
\footinsdim=\skip169
\footinsv@r=\insert250
\@mpfootinsv@r=\insert249
\m@m@k=\count288
\m@m@h=\dimen180
\m@mipn@skip=\skip170
\sidefootins=\insert248
\sidefootadjust=\skip171
\sidefootheight=\skip172
\sidefoothsep=\skip173
\sidefootvsep=\skip174
\sidefootwidth=\skip175
\m@mdownsf=\skip176
\c@sidefootnote=\count289
\sidefootmarkwidth=\skip177
\sidefootmarksep=\skip178
\sidefootparindent=\skip179
\c@pagenote=\count290
\c@pagenoteshadow=\count291
\mem@pn@lastkern=\skip180
 (C:\Users\julka\AppData\Local\Programs\MiKTeX\tex/latex/tools\verbatim.sty
Package: verbatim 2023-11-06 v1.5v LaTeX2e package for verbatim enhancements
\every@verbatim=\toks23
\verbatim@line=\toks24
\verbatim@in@stream=\read2
)
\verbatimindent=\skip181
\verbatim@out=\write3
 (C:\Users\julka\AppData\Local\Programs\MiKTeX\tex/latex/base\shortvrb.sty
Package: shortvrb 2022/11/13 v3.0m Standard LaTeX documentation package V3 (FMi)
)
\bvboxsep=\skip182
\c@memfbvline=\count292
\c@bvlinectr=\count293
\bvnumlength=\skip183
\fb@frw=\dimen181
\fb@frh=\dimen182
\FrameRule=\dimen183
\FrameSep=\dimen184
\c@cp@cntr=\count294
\c@ism@mctr=\count295
\c@xsm@mctr=\count296
\c@csm@mctr=\count297
\c@ksm@mctr=\count298
\c@xksm@mctr=\count299
\c@cksm@mctr=\count300
\c@msm@mctr=\count301
\c@xmsm@mctr=\count302
\c@cmsm@mctr=\count303
\c@bsm@mctr=\count304
\c@workm@mctr=\count305
\c@sheetsequence=\count306
\c@lastsheet=\count307
\c@lastpage=\count308
 (C:\Users\julka\AppData\Local\Programs\MiKTeX\tex/latex/textcase\textcase.sty
Package: textcase 2023/07/27 v1.04 Text only upper/lower case changing (DPC)
Package textcase Info: Defining Legacy names on input line 20.
)
\c@figure=\count309
\c@lofdepth=\count310
\cftbeforefigureskip=\skip184
\cftfigureindent=\skip185
\cftfigurenumwidth=\skip186
\c@table=\count311
\c@lotdepth=\count312
\cftbeforetableskip=\skip187
\cfttableindent=\skip188
\cfttablenumwidth=\skip189
Package abstract [2008/07/23] emulated by memoir.
Package appendix [2008/07/23] emulated by memoir.
Package ccaption [2008/07/23] emulated by memoir.
Package changepage [2008/07/23] emulated by memoir.
Package chngcntr [2008/07/23] emulated by memoir.
Package chngpage [2008/07/23] emulated by memoir.
Package crop emulated by memoir.
Package enumerate [2008/07/23] emulated by memoir.
Package epigraph [2008/07/23] emulated by memoir.
Package ifmtarg [2008/07/23] emulated by memoir.
Package index [2008/07/23] emulated by memoir.
Package makeidx [2008/07/23] emulated by memoir.
Package moreverb [2008/07/23] emulated by memoir.
Package needspace [2008/07/23] emulated by memoir.
Package newfile [2008/07/23] emulated by memoir.
Package nextpage [2008/07/23] emulated by memoir.
Package pagenote [2008/07/23] emulated by memoir.
Package parskip [2008/07/23] emulated by memoir.
Package patchcmd [2008/07/23] emulated by memoir.
Package setspace [2008/07/23] emulated by memoir.
Package shortvrb [2008/07/23] emulated by memoir.
Package showidx [2008/07/23] emulated by memoir.
Package titleref [2008/07/23] emulated by memoir.
Package titling [2008/07/23] emulated by memoir.
Package tocbibind [2008/07/23] emulated by memoir.
Package tocloft [2008/07/23] emulated by memoir.
Package tocvsec2 [2008/07/23] emulated by memoir.
Package verbatim [2008/07/23] emulated by memoir.
Package verse [2008/07/23] emulated by memoir.
) (C:\Users\julka\AppData\Local\Programs\MiKTeX\tex/generic/babel\babel.sty
Package: babel 2024/01/07 v24.1 The Babel package
\babel@savecnt=\count313
\U@D=\dimen185
\l@unhyphenated=\language79
 (C:\Users\julka\AppData\Local\Programs\MiKTeX\tex/generic/babel\txtbabel.def)
\bbl@readstream=\read3
\bbl@dirlevel=\count314

*************************************
* Local config file bblopts.cfg used
*
(C:\Users\julka\AppData\Local\Programs\MiKTeX\tex/latex/arabi\bblopts.cfg
File: bblopts.cfg 2005/09/08 v0.1 add Arabic and Farsi to "declared" options of babel
) (C:\Users\julka\AppData\Local\Programs\MiKTeX\tex/latex/babel-polish\polish.ldf
Language: polish 2022/03/12 1.3 Babel support for Polish
Package babel Info: Making " an active character on input line 101.
)) (C:\Users\julka\AppData\Local\Programs\MiKTeX\tex/generic/babel/locale/pl\babel-polish.tex
Package babel Info: Importing font and identification data for polish
(babel)             from babel-pl.ini. Reported on input line 11.
) (C:\Users\julka\AppData\Local\Programs\MiKTeX\tex/latex/tools\indentfirst.sty
Package: indentfirst 2023/07/02 v1.03 Indent first paragraph (DPC)
) (C:\Users\julka\AppData\Local\Programs\MiKTeX\tex/latex/graphics\graphicx.sty
Package: graphicx 2021/09/16 v1.2d Enhanced LaTeX Graphics (DPC,SPQR)
 (C:\Users\julka\AppData\Local\Programs\MiKTeX\tex/latex/graphics\graphics.sty
Package: graphics 2022/03/10 v1.4e Standard LaTeX Graphics (DPC,SPQR)
 (C:\Users\julka\AppData\Local\Programs\MiKTeX\tex/latex/graphics\trig.sty
Package: trig 2021/08/11 v1.11 sin cos tan (DPC)
) (C:\Users\julka\AppData\Local\Programs\MiKTeX\tex/latex/graphics-cfg\graphics.cfg
File: graphics.cfg 2016/06/04 v1.11 sample graphics configuration
)
Package graphics Info: Driver file: pdftex.def on input line 107.
 (C:\Users\julka\AppData\Local\Programs\MiKTeX\tex/latex/graphics-def\pdftex.def
File: pdftex.def 2022/09/22 v1.2b Graphics/color driver for pdftex
))
\Gin@req@height=\dimen186
\Gin@req@width=\dimen187
) (C:\Users\julka\AppData\Local\Programs\MiKTeX\tex/latex/fancyvrb\fancyvrb.sty
Package: fancyvrb 2024/01/20 4.5c verbatim text (tvz,hv)
\FV@CodeLineNo=\count315
\FV@InFile=\read4
\FV@TabBox=\box57
\c@FancyVerbLine=\count316
\FV@StepNumber=\count317
\FV@OutFile=\write4
) (C:\Users\julka\AppData\Local\Programs\MiKTeX\tex/latex/url\url.sty
\Urlmuskip=\muskip16
Package: url 2013/09/16  ver 3.4  Verb mode for urls, etc.
) (C:\Users\julka\AppData\Local\Programs\MiKTeX\tex/latex/tools\varioref.sty
Package: varioref 2022/01/09 v1.6f package for extended references (FMi)
\c@vrcnt=\count318
) (C:\Users\julka\AppData\Local\Programs\MiKTeX\tex/latex/hyperref\hyperref.sty
Package: hyperref 2023-11-26 v7.01g Hypertext links for LaTeX
 (C:\Users\julka\AppData\Local\Programs\MiKTeX\tex/generic/kvdefinekeys\kvdefinekeys.sty
Package: kvdefinekeys 2019-12-19 v1.6 Define keys (HO)
) (C:\Users\julka\AppData\Local\Programs\MiKTeX\tex/generic/pdfescape\pdfescape.sty
Package: pdfescape 2019/12/09 v1.15 Implements pdfTeX's escape features (HO)
 (C:\Users\julka\AppData\Local\Programs\MiKTeX\tex/generic/pdftexcmds\pdftexcmds.sty
Package: pdftexcmds 2020-06-27 v0.33 Utility functions of pdfTeX for LuaTeX (HO)
Package pdftexcmds Info: \pdf@primitive is available.
Package pdftexcmds Info: \pdf@ifprimitive is available.
Package pdftexcmds Info: \pdfdraftmode found.
)) (C:\Users\julka\AppData\Local\Programs\MiKTeX\tex/latex/hycolor\hycolor.sty
Package: hycolor 2020-01-27 v1.10 Color options for hyperref/bookmark (HO)
) (C:\Users\julka\AppData\Local\Programs\MiKTeX\tex/latex/letltxmacro\letltxmacro.sty
Package: letltxmacro 2019/12/03 v1.6 Let assignment for LaTeX macros (HO)
) (C:\Users\julka\AppData\Local\Programs\MiKTeX\tex/latex/auxhook\auxhook.sty
Package: auxhook 2019-12-17 v1.6 Hooks for auxiliary files (HO)
)
\@linkdim=\dimen188
\Hy@linkcounter=\count319
\Hy@pagecounter=\count320
 (C:\Users\julka\AppData\Local\Programs\MiKTeX\tex/latex/hyperref\pd1enc.def
File: pd1enc.def 2023-11-26 v7.01g Hyperref: PDFDocEncoding definition (HO)
Now handling font encoding PD1 ...
... no UTF-8 mapping file for font encoding PD1
) (C:\Users\julka\AppData\Local\Programs\MiKTeX\tex/generic/intcalc\intcalc.sty
Package: intcalc 2019/12/15 v1.3 Expandable calculations with integers (HO)
)
\Hy@SavedSpaceFactor=\count321
 (C:\Users\julka\AppData\Local\Programs\MiKTeX\tex/latex/hyperref\puenc.def
File: puenc.def 2023-11-26 v7.01g Hyperref: PDF Unicode definition (HO)
Now handling font encoding PU ...
... no UTF-8 mapping file for font encoding PU
)
Package hyperref Info: Option `unicode' set `true' on input line 4064.
Package hyperref Info: Option `linktocpage' set `true' on input line 4064.
Package hyperref Info: Option `bookmarks' set `true' on input line 4064.
Package hyperref Info: Hyper figures OFF on input line 4181.
Package hyperref Info: Link nesting OFF on input line 4186.
Package hyperref Info: Hyper index ON on input line 4189.
Package hyperref Info: Plain pages OFF on input line 4196.
Package hyperref Info: Backreferencing OFF on input line 4201.
Package hyperref Info: Implicit mode ON; LaTeX internals redefined.
Package hyperref Info: Bookmarks ON on input line 4448.
\c@Hy@tempcnt=\count322
LaTeX Info: Redefining \url on input line 4786.
\XeTeXLinkMargin=\dimen189
 (C:\Users\julka\AppData\Local\Programs\MiKTeX\tex/generic/bitset\bitset.sty
Package: bitset 2019/12/09 v1.3 Handle bit-vector datatype (HO)
 (C:\Users\julka\AppData\Local\Programs\MiKTeX\tex/generic/bigintcalc\bigintcalc.sty
Package: bigintcalc 2019/12/15 v1.5 Expandable calculations on big integers (HO)
))
\Fld@menulength=\count323
\Field@Width=\dimen190
\Fld@charsize=\dimen191
Package hyperref Info: Hyper figures OFF on input line 6065.
Package hyperref Info: Link nesting OFF on input line 6070.
Package hyperref Info: Hyper index ON on input line 6073.
Package hyperref Info: backreferencing OFF on input line 6080.
Package hyperref Info: Link coloring OFF on input line 6085.
Package hyperref Info: Link coloring with OCG OFF on input line 6090.
Package hyperref Info: PDF/A mode OFF on input line 6095.
 (C:\Users\julka\AppData\Local\Programs\MiKTeX\tex/latex/base\atbegshi-ltx.sty
Package: atbegshi-ltx 2021/01/10 v1.0c Emulation of the original atbegshi
package with kernel methods
)
\Hy@abspage=\count324
\c@Item=\count325
\c@Hfootnote=\count326
)
Package hyperref Info: Driver (autodetected): hpdftex.
 (C:\Users\julka\AppData\Local\Programs\MiKTeX\tex/latex/hyperref\hpdftex.def
File: hpdftex.def 2023-11-26 v7.01g Hyperref driver for pdfTeX
 (C:\Users\julka\AppData\Local\Programs\MiKTeX\tex/latex/base\atveryend-ltx.sty
Package: atveryend-ltx 2020/08/19 v1.0a Emulation of the original atveryend package
with kernel methods
)
\Fld@listcount=\count327
\c@bookmark@seq@number=\count328
 (C:\Users\julka\AppData\Local\Programs\MiKTeX\tex/latex/rerunfilecheck\rerunfilecheck.sty
Package: rerunfilecheck 2022-07-10 v1.10 Rerun checks for auxiliary files (HO)
 (C:\Users\julka\AppData\Local\Programs\MiKTeX\tex/generic/uniquecounter\uniquecounter.sty
Package: uniquecounter 2019/12/15 v1.4 Provide unlimited unique counter (HO)
)
Package uniquecounter Info: New unique counter `rerunfilecheck' on input line 285.
)
\Hy@SectionHShift=\skip190
) (C:\Users\julka\AppData\Local\Programs\MiKTeX\tex/latex/memoir\memhfixc.sty
Package: memhfixc 2023/09/10 v1.22 hyperref package fixes for memoir class
\c@memhycontfloat=\count329
\c@Hpagenote=\count330
)
Package hyperref Info: Option `pdffitwindow' set `true' on input line 87.
Package hyperref Info: Option `bookmarksnumbered' set `true' on input line 87.
Package hyperref Info: Option `bookmarksopen' set `true' on input line 87.
Package hyperref Info: Option `colorlinks' set `true' on input line 87.


******************************************************
Stock height and width: 845.04684pt by 597.50787pt
Top and edge trims: 0pt and 0pt
Page height and width: 845.04684pt by 597.50787pt
Text height and width: 700pt by 426pt
Spine and edge margins: 99.58464pt and 71.13188pt
Upper and lower margins: 71.13188pt and 73.91496pt
Headheight and headsep: 12pt and 24pt
Footskip: 24pt
Columnsep and columnseprule: 10pt and 0pt
Marginparsep and marginparwidth: 6pt and 50pt
Sidecapsep and sidecapwidth: 7pt and 63pt
Sidebarhsep and sidebarwidth: 7pt and 63pt
Sidebarvsep and sidebartopsep: 12pt and 0pt
Sidebarheight: 596.39996pt
Sidefoothsep and sidefootwidth: 7pt and 63pt
Sidefootvsep and sidefootheight: 12pt and 596.39996pt
******************************************************

) (C:\Users\julka\AppData\Local\Programs\MiKTeX\tex/latex/base\inputenc.sty
Package: inputenc 2021/02/14 v1.3d Input encoding file
\inpenc@prehook=\toks25
\inpenc@posthook=\toks26
) (C:\Users\julka\AppData\Local\Programs\MiKTeX\tex/latex/base\fontenc.sty
Package: fontenc 2021/04/29 v2.0v Standard LaTeX package
 (C:\Users\julka\AppData\Local\Programs\MiKTeX\tex/latex/base\ot4enc.def
File: ot4enc.def 2021/04/29 v2.0v Standard LaTeX file
Now handling font encoding OT4 ...
... no UTF-8 mapping file for font encoding OT4
)
LaTeX Font Info:    Trying to load font information for OT4+cmr on input line 112.
 (C:\Users\julka\AppData\Local\Programs\MiKTeX\tex/latex/polski\ot4cmr.fd
File: ot4cmr.fd 2008/02/24 v1.2.1 Font defs for fonts PL (MW)
)) (C:\Users\julka\AppData\Local\Programs\MiKTeX\tex/latex/float\float.sty
Package: float 2001/11/08 v1.3d Float enhancements (AL)
\c@float@type=\count331
\float@exts=\toks27
\float@box=\box58
\@float@everytoks=\toks28
\@floatcapt=\box59
) (C:\Users\julka\AppData\Local\Programs\MiKTeX\tex/latex/caption\subcaption.sty
Package: subcaption 2023/07/28 v1.6b Sub-captions (AR)
 (C:\Users\julka\AppData\Local\Programs\MiKTeX\tex/latex/caption\caption.sty
Package: caption 2023/08/05 v3.6o Customizing captions (AR)
 (C:\Users\julka\AppData\Local\Programs\MiKTeX\tex/latex/caption\caption3.sty
Package: caption3 2023/07/31 v2.4d caption3 kernel (AR)
\caption@tempdima=\dimen192
\captionmargin=\dimen193
\caption@leftmargin=\dimen194
\caption@rightmargin=\dimen195
\caption@width=\dimen196
\caption@indent=\dimen197
\caption@parindent=\dimen198
\caption@hangindent=\dimen199
Package caption Info: memoir document class detected.
 (C:\Users\julka\AppData\Local\Programs\MiKTeX\tex/latex/caption\caption-memoir.sto
File: caption-memoir.sto 2023/09/08 v2.2c Adaption of the caption package to the memoir document class (AR)
))
\c@caption@flags=\count332
\c@continuedfloat=\count333
Package caption Info: changepage package is loaded.
\caption@adjustwidth@hsize=\dimen256
\caption@adjustwidth@linewidth=\dimen257
Package caption Info: float package is loaded.
Package caption Info: hyperref package is loaded.
)
Package caption Info: New subtype `subfigure' on input line 238.
\c@subfigure=\count334
Package caption Info: New subtype `subtable' on input line 238.
\c@subtable=\count335
) (main.aux)
\openout1 = `main.aux'.

LaTeX Font Info:    Checking defaults for OML/cmm/m/it on input line 41.
LaTeX Font Info:    ... okay on input line 41.
LaTeX Font Info:    Checking defaults for OMS/cmsy/m/n on input line 41.
LaTeX Font Info:    ... okay on input line 41.
LaTeX Font Info:    Checking defaults for OT1/cmr/m/n on input line 41.
LaTeX Font Info:    ... okay on input line 41.
LaTeX Font Info:    Checking defaults for T1/cmr/m/n on input line 41.
LaTeX Font Info:    ... okay on input line 41.
LaTeX Font Info:    Checking defaults for TS1/cmr/m/n on input line 41.
LaTeX Font Info:    ... okay on input line 41.
LaTeX Font Info:    Checking defaults for OMX/cmex/m/n on input line 41.
LaTeX Font Info:    ... okay on input line 41.
LaTeX Font Info:    Checking defaults for U/cmr/m/n on input line 41.
LaTeX Font Info:    ... okay on input line 41.
LaTeX Font Info:    Checking defaults for PD1/pdf/m/n on input line 41.
LaTeX Font Info:    ... okay on input line 41.
LaTeX Font Info:    Checking defaults for PU/pdf/m/n on input line 41.
LaTeX Font Info:    ... okay on input line 41.
LaTeX Font Info:    Checking defaults for OT4/cmr/m/n on input line 41.
LaTeX Font Info:    ... okay on input line 41.
 (C:\Users\julka\AppData\Local\Programs\MiKTeX\tex/context/base/mkii\supp-pdf.mkii
[Loading MPS to PDF converter (version 2006.09.02).]
\scratchcounter=\count336
\scratchdimen=\dimen258
\scratchbox=\box60
\nofMPsegments=\count337
\nofMParguments=\count338
\everyMPshowfont=\toks29
\MPscratchCnt=\count339
\MPscratchDim=\dimen259
\MPnumerator=\count340
\makeMPintoPDFobject=\count341
\everyMPtoPDFconversion=\toks30
) (C:\Users\julka\AppData\Local\Programs\MiKTeX\tex/latex/epstopdf-pkg\epstopdf-base.sty
Package: epstopdf-base 2020-01-24 v2.11 Base part for package epstopdf
Package epstopdf-base Info: Redefining graphics rule for `.eps' on input line 485.
 (C:\Users\julka\AppData\Local\Programs\MiKTeX\tex/latex/00miktex\epstopdf-sys.cfg
File: epstopdf-sys.cfg 2021/03/18 v2.0 Configuration of epstopdf for MiKTeX
)) (C:\Users\julka\AppData\Local\Programs\MiKTeX\tex/latex/graphics\color.sty
Package: color 2022/01/06 v1.3d Standard LaTeX Color (DPC)
 (C:\Users\julka\AppData\Local\Programs\MiKTeX\tex/latex/graphics-cfg\color.cfg
File: color.cfg 2016/01/02 v1.6 sample color configuration
)
Package color Info: Driver file: pdftex.def on input line 149.
 (C:\Users\julka\AppData\Local\Programs\MiKTeX\tex/latex/graphics\mathcolor.ltx))
Package hyperref Info: Link coloring ON on input line 41.
 (main.out) (main.out)
\@outlinefile=\write5
\openout5 = `main.out'.

Package caption Info: Begin \AtBeginDocument code.
Package caption Info: End \AtBeginDocument code.
Package epstopdf Info: Source file: <wit/sygnet-pp.eps>
(epstopdf)                    date: 2024-11-13 13:37:15
(epstopdf)                    size: 1264718 bytes
(epstopdf)             Output file: <wit/sygnet-pp-eps-converted-to.pdf>
(epstopdf)                    date: 2024-11-13 14:04:19
(epstopdf)                    size: 32021 bytes
(epstopdf)             Command: <miktex-epstopdf --outfile=wit/sygnet-pp-eps-converted-to.pdf wit/sygnet-pp.eps>
(epstopdf)             \includegraphics on input line 45.
Package epstopdf Info: Output file is already uptodate.
<wit/sygnet-pp-eps-converted-to.pdf, id=243, 1391.1975pt x 278.03876pt>
File: wit/sygnet-pp-eps-converted-to.pdf Graphic file (type pdf)
<use wit/sygnet-pp-eps-converted-to.pdf>
Package pdftex.def Info: wit/sygnet-pp-eps-converted-to.pdf  used on input line 45.
(pdftex.def)             Requested size: 426.0pt x 85.13472pt.
 [1


{C:/Users/julka/AppData/Local/MiKTeX/fonts/map/pdftex/pdftex.map}{C:/Users/julka/AppData/Local/Programs/MiKTeX/fonts/enc/dvips/pl/plrm.enc} <./wit/sygnet-pp-eps-converted-to.pdf>] (main.toc
LaTeX Font Info:    External font `cmex10' loaded for size
(Font)              <7> on input line 3.
LaTeX Font Info:    External font `cmex10' loaded for size
(Font)              <5> on input line 3.
 [1

]) [2] (chapters/01-wstep/01.1-wstep.tex
Underfull \hbox (badness 10000) in paragraph at lines 63--68

 []

[1



]) (chapters/02-teoria/02.1-teoria.tex [2{C:/Users/julka/AppData/Local/Programs/MiKTeX/fonts/enc/dvips/pl/plit.enc}]
Underfull \hbox (badness 10000) in paragraph at lines 3--4

 []


Underfull \hbox (badness 10000) in paragraph at lines 5--9

 []

) (chapters/02-teoria/02.2-obecne.tex [3

]
<chapters/02-teoria/figures/lavarandCamera.png, id=339, 572.1375pt x 691.08188pt>
File: chapters/02-teoria/figures/lavarandCamera.png Graphic file (type png)
<use chapters/02-teoria/figures/lavarandCamera.png>
Package pdftex.def Info: chapters/02-teoria/figures/lavarandCamera.png  used on input line 41.
(pdftex.def)             Requested size: 170.3974pt x 205.81822pt.

Overfull \hbox (28.02876pt too wide) in paragraph at lines 45--47
[]\OT4/cmr/m/n/10 ™ródªo: https://blog.cloudflare.com/lavarand-in-production-the-nitty-gritty-technical-details/ TODO
 []


Underfull \hbox (badness 10000) in paragraph at lines 54--58

 []

[4{C:/Users/julka/AppData/Local/Programs/MiKTeX/fonts/enc/dvips/pl/plsc.enc} <./chapters/02-teoria/figures/lavarandCamera.png>] [5]) (chapters/02-teoria/02.3-podobne.tex
Underfull \hbox (badness 10000) in paragraph at lines 3--4

 []

) (chapters/03-praca-wlasna/03.1-Projektowanie-i-Budowa-Robota.tex [6]

pdfTeX warning: pdflatex (file ./chapters/03-praca-wlasna/figures/pierwszy.pdf): PDF inclusion: found PDF version <1.7>, but at most version <1.5> allowed
<chapters/03-praca-wlasna/figures/pierwszy.pdf, id=358, 475.82146pt x 844.0292pt>
File: chapters/03-praca-wlasna/figures/pierwszy.pdf Graphic file (type pdf)
<use chapters/03-praca-wlasna/figures/pierwszy.pdf>
Package pdftex.def Info: chapters/03-praca-wlasna/figures/pierwszy.pdf  used on input line 30.
(pdftex.def)             Requested size: 106.5pt x 209.91083pt.
[7

]
<chapters/03-praca-wlasna/figures/kubki.jpg, id=364, 2276.505pt x 4047.12pt>
File: chapters/03-praca-wlasna/figures/kubki.jpg Graphic file (type jpg)
<use chapters/03-praca-wlasna/figures/kubki.jpg>
Package pdftex.def Info: chapters/03-praca-wlasna/figures/kubki.jpg  used on input line 45.
(pdftex.def)             Requested size: 276.8974pt x 298.16544pt.
 [8 <./chapters/03-praca-wlasna/figures/pierwszy.pdf>]
<chapters/03-praca-wlasna/figures/koÅ‚a_zÄ™bowe.png, id=376, 955.57pt x 1927.2pt>
File: chapters/03-praca-wlasna/figures/koÅ‚a_zÄ™bowe.png Graphic file (type png)
<use chapters/03-praca-wlasna/figures/koÅ‚a_zÄ™bowe.png>
Package pdftex.def Info: chapters/03-praca-wlasna/figures/koÅ‚a_zÄ™bowe.png  used on input line 63.
(pdftex.def)             Requested size: 106.5pt x 166.0669pt.
 [9 <./chapters/03-praca-wlasna/figures/kubki.jpg>]
<chapters/03-praca-wlasna/figures/now_we_are_cool.png, id=388, 955.57pt x 1927.2pt>
File: chapters/03-praca-wlasna/figures/now_we_are_cool.png Graphic file (type png)
<use chapters/03-praca-wlasna/figures/now_we_are_cool.png>
Package pdftex.def Info: chapters/03-praca-wlasna/figures/now_we_are_cool.png  used on input line 87.
(pdftex.def)             Requested size: 106.5pt x 160.87831pt.
<chapters/03-praca-wlasna/figures/nie_widac.png, id=390, 955.57pt x 1927.2pt>
File: chapters/03-praca-wlasna/figures/nie_widac.png Graphic file (type png)
<use chapters/03-praca-wlasna/figures/nie_widac.png>
Package pdftex.def Info: chapters/03-praca-wlasna/figures/nie_widac.png  used on input line 96.
(pdftex.def)             Requested size: 106.5pt x 167.22043pt.
 [10 <./chapters/03-praca-wlasna/figures/koÅ‚a_zÄ™bowe.png> <./chapters/03-praca-wlasna/figures/now_we_are_cool.png>]
<chapters/03-praca-wlasna/figures/widac.png, id=401, 955.57pt x 1927.2pt>
File: chapters/03-praca-wlasna/figures/widac.png Graphic file (type png)
<use chapters/03-praca-wlasna/figures/widac.png>
Package pdftex.def Info: chapters/03-praca-wlasna/figures/widac.png  used on input line 102.
(pdftex.def)             Requested size: 106.5pt x 167.22043pt.
<chapters/03-praca-wlasna/figures/i_stala_sie_jasnosc.jpg, id=403, 4047.12pt x 2276.505pt>
File: chapters/03-praca-wlasna/figures/i_stala_sie_jasnosc.jpg Graphic file (type jpg)
<use chapters/03-praca-wlasna/figures/i_stala_sie_jasnosc.jpg>
Package pdftex.def Info: chapters/03-praca-wlasna/figures/i_stala_sie_jasnosc.jpg  used on input line 118.
(pdftex.def)             Requested size: 191.6987pt x 107.82248pt.
 [11 <./chapters/03-praca-wlasna/figures/nie_widac.png> <./chapters/03-praca-wlasna/figures/widac.png>] [12 <./chapters/03-praca-wlasna/figures/i_stala_sie_jasnosc.jpg>]
<chapters/03-praca-wlasna/figures/pokrywa.png, id=417, 2055.68pt x 925.4575pt>
File: chapters/03-praca-wlasna/figures/pokrywa.png Graphic file (type png)
<use chapters/03-praca-wlasna/figures/pokrywa.png>
Package pdftex.def Info: chapters/03-praca-wlasna/figures/pokrywa.png  used on input line 157.
(pdftex.def)             Requested size: 404.6987pt x 182.19334pt.
<chapters/03-praca-wlasna/figures/kubek.png, id=418, 1927.2pt x 853.1875pt>
File: chapters/03-praca-wlasna/figures/kubek.png Graphic file (type png)
<use chapters/03-praca-wlasna/figures/kubek.png>
Package pdftex.def Info: chapters/03-praca-wlasna/figures/kubek.png  used on input line 177.
(pdftex.def)             Requested size: 404.6987pt x 179.16164pt.
 [13 <./chapters/03-praca-wlasna/figures/pokrywa.png>]
<chapters/03-praca-wlasna/figures/uchwyt_v1.png, id=425, 1927.2pt x 853.1875pt>
File: chapters/03-praca-wlasna/figures/uchwyt_v1.png Graphic file (type png)
<use chapters/03-praca-wlasna/figures/uchwyt_v1.png>
Package pdftex.def Info: chapters/03-praca-wlasna/figures/uchwyt_v1.png  used on input line 201.
(pdftex.def)             Requested size: 404.6987pt x 179.16164pt.
 [14 <./chapters/03-praca-wlasna/figures/kubek.png>]
<chapters/03-praca-wlasna/figures/uchwyt_v2.png, id=432, 1927.2pt x 853.1875pt>
File: chapters/03-praca-wlasna/figures/uchwyt_v2.png Graphic file (type png)
<use chapters/03-praca-wlasna/figures/uchwyt_v2.png>
Package pdftex.def Info: chapters/03-praca-wlasna/figures/uchwyt_v2.png  used on input line 207.
(pdftex.def)             Requested size: 404.6987pt x 179.16164pt.
<chapters/03-praca-wlasna/figures/main_board.png, id=433, 2055.68pt x 925.4575pt>
File: chapters/03-praca-wlasna/figures/main_board.png Graphic file (type png)
<use chapters/03-praca-wlasna/figures/main_board.png>
Package pdftex.def Info: chapters/03-praca-wlasna/figures/main_board.png  used on input line 220.
(pdftex.def)             Requested size: 404.6987pt x 182.19334pt.
 [15 <./chapters/03-praca-wlasna/figures/uchwyt_v1.png> <./chapters/03-praca-wlasna/figures/uchwyt_v2.png>]
<chapters/03-praca-wlasna/figures/l298n.png, id=442, 1927.2pt x 853.1875pt>
File: chapters/03-praca-wlasna/figures/l298n.png Graphic file (type png)
<use chapters/03-praca-wlasna/figures/l298n.png>
Package pdftex.def Info: chapters/03-praca-wlasna/figures/l298n.png  used on input line 231.
(pdftex.def)             Requested size: 404.6987pt x 179.16164pt.
 [16 <./chapters/03-praca-wlasna/figures/main_board.png> <./chapters/03-praca-wlasna/figures/l298n.png>]
<chapters/03-praca-wlasna/figures/caÅ‚osc_front.png, id=452, 2055.68pt x 925.4575pt>
File: chapters/03-praca-wlasna/figures/caÅ‚osc_front.png Graphic file (type png)
<use chapters/03-praca-wlasna/figures/caÅ‚osc_front.png>
Package pdftex.def Info: chapters/03-praca-wlasna/figures/caÅ‚osc_front.png  used on input line 249.
(pdftex.def)             Requested size: 404.6987pt x 182.19334pt.
) (chapters/03-praca-wlasna/03.2-Dokumentacja-techniczna.tex [17 <./chapters/03-praca-wlasna/figures/caÅ‚osc_front.png>]
<chapters/03-praca-wlasna/figures/wymiary.png, id=463, 914.66719pt x 645.91313pt>
File: chapters/03-praca-wlasna/figures/wymiary.png Graphic file (type png)
<use chapters/03-praca-wlasna/figures/wymiary.png>
Package pdftex.def Info: chapters/03-praca-wlasna/figures/wymiary.png  used on input line 51.
(pdftex.def)             Requested size: 404.6987pt x 285.78944pt.
<chapters/03-praca-wlasna/figures/komponenty.png, id=464, 913.91437pt x 646.66594pt>
File: chapters/03-praca-wlasna/figures/komponenty.png Graphic file (type png)
<use chapters/03-praca-wlasna/figures/komponenty.png>
Package pdftex.def Info: chapters/03-praca-wlasna/figures/komponenty.png  used on input line 57.
(pdftex.def)             Requested size: 404.6987pt x 286.34947pt.
 [18 <./chapters/03-praca-wlasna/figures/wymiary.png>]) (chapters/04-czytanie/04.1-Projektowanie-i-Budowa-OCR.tex [19 <./chapters/03-praca-wlasna/figures/komponenty.png>]
LaTeX Font Info:    Trying to load font information for OT4+cmtt on input line 8.
 (C:\Users\julka\AppData\Local\Programs\MiKTeX\tex/latex/polski\ot4cmtt.fd
File: ot4cmtt.fd 2008/02/24 v1.2.1 Font defs for fonts PL (MW)
)
Overfull \hbox (56.99579pt too wide) in paragraph at lines 12--12
[]    \OT4/cmtt/m/n/10 Nast¦pnie, wyuczony przez nas model SI odczytuje wyrzucony na ko±ci wynik i zwraca cyfr¦[] 
 []

<chapters/04-czytanie/figures/schemat.jpg, id=477, 1308.89pt x 1088.065pt>
File: chapters/04-czytanie/figures/schemat.jpg Graphic file (type jpg)
<use chapters/04-czytanie/figures/schemat.jpg>
Package pdftex.def Info: chapters/04-czytanie/figures/schemat.jpg  used on input line 18.
(pdftex.def)             Requested size: 426.0pt x 354.13162pt.
[20

{C:/Users/julka/AppData/Local/Programs/MiKTeX/fonts/enc/dvips/pl/pltt.enc}]
Underfull \hbox (badness 10000) in paragraph at lines 32--39

 []

<chapters/04-czytanie/figures/2_1.jpg, id=487, 3292.3pt x 2473.24pt>
File: chapters/04-czytanie/figures/2_1.jpg Graphic file (type jpg)
<use chapters/04-czytanie/figures/2_1.jpg>
Package pdftex.def Info: chapters/04-czytanie/figures/2_1.jpg  used on input line 72.
(pdftex.def)             Requested size: 151.4627pt x 113.81102pt.

Overfull \hbox (15.13959pt too wide) in paragraph at lines 72--73
 [][] 
 []

<chapters/04-czytanie/figures/2_2.jpg, id=488, 790.152pt x 593.5776pt>
File: chapters/04-czytanie/figures/2_2.jpg Graphic file (type jpg)
<use chapters/04-czytanie/figures/2_2.jpg>
Package pdftex.def Info: chapters/04-czytanie/figures/2_2.jpg  used on input line 79.
(pdftex.def)             Requested size: 151.49284pt x 113.81102pt.

Overfull \hbox (15.16972pt too wide) in paragraph at lines 79--80
 [][] 
 []

<chapters/04-czytanie/figures/2_3.jpg, id=489, 467.7475pt x 453.695pt>
File: chapters/04-czytanie/figures/2_3.jpg Graphic file (type jpg)
<use chapters/04-czytanie/figures/2_3.jpg>
Package pdftex.def Info: chapters/04-czytanie/figures/2_3.jpg  used on input line 86.
(pdftex.def)             Requested size: 117.33626pt x 113.81102pt.
<chapters/04-czytanie/figures/2_4.jpg, id=490, 467.7475pt x 453.695pt>
File: chapters/04-czytanie/figures/2_4.jpg Graphic file (type jpg)
<use chapters/04-czytanie/figures/2_4.jpg>
Package pdftex.def Info: chapters/04-czytanie/figures/2_4.jpg  used on input line 95.
(pdftex.def)             Requested size: 117.33626pt x 113.81102pt.
<chapters/04-czytanie/figures/2_5.jpg, id=491, 64.24pt x 64.24pt>
File: chapters/04-czytanie/figures/2_5.jpg Graphic file (type jpg)
<use chapters/04-czytanie/figures/2_5.jpg>
Package pdftex.def Info: chapters/04-czytanie/figures/2_5.jpg  used on input line 102.
(pdftex.def)             Requested size: 113.82045pt x 113.81102pt.
[21 <./chapters/04-czytanie/figures/schemat.jpg>]
Underfull \hbox (badness 10000) in paragraph at lines 141--142

 []

[22 <./chapters/04-czytanie/figures/2_1.jpg> <./chapters/04-czytanie/figures/2_2.jpg> <./chapters/04-czytanie/figures/2_3.jpg> <./chapters/04-czytanie/figures/2_4.jpg> <./chapters/04-czytanie/figures/2_5.jpg>]
Underfull \hbox (badness 10000) in paragraph at lines 150--151

 []


Overfull \hbox (0.25076pt too wide) in paragraph at lines 162--165
[]\OT4/cmr/m/n/10 Wspomniane wcze-±niej od-bla-ski znacz-nie po-gar-szaj¡ sku-tecz-no±¢ od-czy-ty-wa-nia wy-niku z kostki.
 []

<chapters/04-czytanie/figures/blask_raw.jpg, id=502, 64.24pt x 64.24pt>
File: chapters/04-czytanie/figures/blask_raw.jpg Graphic file (type jpg)
<use chapters/04-czytanie/figures/blask_raw.jpg>
Package pdftex.def Info: chapters/04-czytanie/figures/blask_raw.jpg  used on input line 173.
(pdftex.def)             Requested size: 191.6987pt x 191.71478pt.
<chapters/04-czytanie/figures/blask_proc.jpg, id=503, 64.24pt x 64.24pt>
File: chapters/04-czytanie/figures/blask_proc.jpg Graphic file (type jpg)
<use chapters/04-czytanie/figures/blask_proc.jpg>
Package pdftex.def Info: chapters/04-czytanie/figures/blask_proc.jpg  used on input line 180.
(pdftex.def)             Requested size: 191.6987pt x 191.71478pt.
[23 <./chapters/04-czytanie/figures/blask_raw.jpg> <./chapters/04-czytanie/figures/blask_proc.jpg>]
<chapters/04-czytanie/figures/niepewne.jpg, id=511, 3292.3pt x 2473.24pt>
File: chapters/04-czytanie/figures/niepewne.jpg Graphic file (type jpg)
<use chapters/04-czytanie/figures/niepewne.jpg>
Package pdftex.def Info: chapters/04-czytanie/figures/niepewne.jpg  used on input line 215.
(pdftex.def)             Requested size: 191.6987pt x 143.97258pt.
<chapters/04-czytanie/figures/smiglo.jpg, id=512, 3292.3pt x 2473.24pt>
File: chapters/04-czytanie/figures/smiglo.jpg Graphic file (type jpg)
<use chapters/04-czytanie/figures/smiglo.jpg>
Package pdftex.def Info: chapters/04-czytanie/figures/smiglo.jpg  used on input line 222.
(pdftex.def)             Requested size: 191.6987pt x 143.97258pt.
<chapters/04-czytanie/figures/wir.jpg, id=513, 3292.3pt x 2473.24pt>
File: chapters/04-czytanie/figures/wir.jpg Graphic file (type jpg)
<use chapters/04-czytanie/figures/wir.jpg>
Package pdftex.def Info: chapters/04-czytanie/figures/wir.jpg  used on input line 247.
(pdftex.def)             Requested size: 191.6987pt x 143.97258pt.
<chapters/04-czytanie/figures/wir2.jpg, id=514, 3292.3pt x 2473.24pt>
File: chapters/04-czytanie/figures/wir2.jpg Graphic file (type jpg)
<use chapters/04-czytanie/figures/wir2.jpg>
Package pdftex.def Info: chapters/04-czytanie/figures/wir2.jpg  used on input line 254.
(pdftex.def)             Requested size: 191.6987pt x 143.97258pt.
 [24 <./chapters/04-czytanie/figures/niepewne.jpg> <./chapters/04-czytanie/figures/smiglo.jpg> <./chapters/04-czytanie/figures/wir.jpg> <./chapters/04-czytanie/figures/wir2.jpg>]) (chapters/04-czytanie/04.2-Opis-Modelu.tex [25]
<chapters/04-czytanie/figures/ModelAcc1.png, id=528, 642.4pt x 481.8pt>
File: chapters/04-czytanie/figures/ModelAcc1.png Graphic file (type png)
<use chapters/04-czytanie/figures/ModelAcc1.png>
Package pdftex.def Info: chapters/04-czytanie/figures/ModelAcc1.png  used on input line 150.
(pdftex.def)             Requested size: 298.1987pt x 223.65239pt.
 [26]
<chapters/04-czytanie/figures/ModelLoss1.png, id=533, 642.4pt x 481.8pt>
File: chapters/04-czytanie/figures/ModelLoss1.png Graphic file (type png)
<use chapters/04-czytanie/figures/ModelLoss1.png>
Package pdftex.def Info: chapters/04-czytanie/figures/ModelLoss1.png  used on input line 157.
(pdftex.def)             Requested size: 298.1987pt x 223.65239pt.
) (chapters/04-czytanie/04.3-Funkcja-Predict.tex
Overfull \hbox (41.22325pt too wide) in paragraph at lines 3--7
[]\OT4/cmr/m/n/10 W celu roz-po-zna-wa-nia liczb na zdj¦-ciach prze-two-rzo-nych przez mo-del stwo-rzono funk-cj¦ \OT4/cmtt/m/n/10 predict[]number\OT4/cmr/m/n/10 ,
 []

[27 <./chapters/04-czytanie/figures/ModelAcc1.png (PNG copy)> <./chapters/04-czytanie/figures/ModelLoss1.png (PNG copy)>]) (chapters/05-Przetwarzanie Wyniku/05-Przetwarzanie-wyniku.tex [28]) (chapters/04-testy.tex [29

] [30

] [31] [32]) (chapters/05-zakonczenie.tex [33]) (main.bbl [34

]
bibitemlist
LaTeX Font Info:    External font `cmex10' loaded for size
(Font)              <9> on input line 22.
LaTeX Font Info:    External font `cmex10' loaded for size
(Font)              <6> on input line 22.
) [35

]
<wit/logo-pp.pdf, id=598, 422.57875pt x 422.57875pt>
File: wit/logo-pp.pdf Graphic file (type pdf)
<use wit/logo-pp.pdf>
Package pdftex.def Info: wit/logo-pp.pdf  used on input line 94.
(pdftex.def)             Requested size: 42.67946pt x 42.67912pt.
LaTeX Font Info:    External font `cmex10' loaded for size
(Font)              <8> on input line 94.
 [36


 <./wit/logo-pp.pdf>]
\tf@toc=\write6
\openout6 = `main.toc'.

 (main.aux)
 ***********
LaTeX2e <2023-11-01> patch level 1
L3 programming layer <2020/03/25>
 ***********
Package rerunfilecheck Info: File `main.out' has not changed.
(rerunfilecheck)             Checksum: 4CDA41727B76987C84D127C061F60D70;11828.
 ) 
Here is how much of TeX's memory you used:
 16444 strings out of 474486
 277264 string characters out of 5743754
 1944542 words of memory out of 5000000
 38329 multiletter control sequences out of 15000+600000
 570142 words of font info for 65 fonts, out of 8000000 for 9000
 1141 hyphenation exceptions out of 8191
 99i,13n,107p,616b,654s stack positions out of 10000i,1000n,20000p,200000b,200000s
 <C:\Users\julka\AppData\Local\MiKTeX\fonts/pk/ljfour/jknappen/ec/dpi600\tcrm0800.pk> <C:\Users\julka\AppData\Local\MiKTeX\fonts/pk/ljfour/jknappen/ec/dpi600\tcrm1000.pk><C:/Users/julka/AppData/Local/Programs/MiKTeX/fonts/type1/public/amsfonts/cm/cmex10.pfb><C:/Users/julka/AppData/Local/Programs/MiKTeX/fonts/type1/public/amsfonts/cm/cmmi10.pfb><C:/Users/julka/AppData/Local/Programs/MiKTeX/fonts/type1/public/amsfonts/cm/cmmi7.pfb><C:/Users/julka/AppData/Local/Programs/MiKTeX/fonts/type1/public/amsfonts/cm/cmr10.pfb><C:/Users/julka/AppData/Local/Programs/MiKTeX/fonts/type1/public/amsfonts/cm/cmr5.pfb><C:/Users/julka/AppData/Local/Programs/MiKTeX/fonts/type1/public/amsfonts/cm/cmr7.pfb><C:/Users/julka/AppData/Local/Programs/MiKTeX/fonts/type1/public/amsfonts/cm/cmsy10.pfb><C:/Users/julka/AppData/Local/Programs/MiKTeX/fonts/type1/public/amsfonts/cm/cmsy7.pfb><C:/Users/julka/AppData/Local/Programs/MiKTeX/fonts/type1/public/pl/plbx10.pfb><C:/Users/julka/AppData/Local/Programs/MiKTeX/fonts/type1/public/pl/plbx12.pfb><C:/Users/julka/AppData/Local/Programs/MiKTeX/fonts/type1/public/pl/plcsc10.pfb><C:/Users/julka/AppData/Local/Programs/MiKTeX/fonts/type1/public/pl/plr10.pfb><C:/Users/julka/AppData/Local/Programs/MiKTeX/fonts/type1/public/pl/plr6.pfb><C:/Users/julka/AppData/Local/Programs/MiKTeX/fonts/type1/public/pl/plr8.pfb><C:/Users/julka/AppData/Local/Programs/MiKTeX/fonts/type1/public/pl/plr9.pfb><C:/Users/julka/AppData/Local/Programs/MiKTeX/fonts/type1/public/pl/plti10.pfb><C:/Users/julka/AppData/Local/Programs/MiKTeX/fonts/type1/public/pl/plti9.pfb><C:/Users/julka/AppData/Local/Programs/MiKTeX/fonts/type1/public/pl/pltt10.pfb><C:/Users/julka/AppData/Local/Programs/MiKTeX/fonts/type1/public/pl/pltt9.pfb>
Output written on main.pdf (39 pages, 21213042 bytes).
PDF statistics:
 730 PDF objects out of 1000 (max. 8388607)
 134 named destinations out of 1000 (max. 500000)
 682 words of extra memory for PDF output out of 10000 (max. 10000000)

